<?xml version="1.0" encoding="UTF-8"?>
<!-- Generated by org.testng.reporters.JUnitXMLReporter -->
<testsuite hostname="DESKTOP-9GFGSI0" ignored="0" name="Command line test" tests="8" failures="0" timestamp="2020-04-04T22:58:16 IST" time="63.439" errors="0">
  <testcase name="brokenLinkTest" time="15.127" classname="com.qa.test.TestAllLinks"/>
  <testcase name="logInWithValidUnameInvalidPassword" time="3.288" classname="com.qa.test.TestLoginPage"/>
  <testcase name="logInWithInvalidUnamevalidPassword" time="2.427" classname="com.qa.test.TestLoginPage"/>
  <testcase name="logInWithInvalidUnameInvalidPassword" time="3.195" classname="com.qa.test.TestLoginPage"/>
  <testcase name="logInWithValidData" time="3.565" classname="com.qa.test.TestLoginPage"/>
  <testcase name="logInWithValidData" time="3.127" classname="com.qa.test.TestRadioButtonDropDown"/>
  <testcase name="radiobuttonTest" time="0.113" classname="com.qa.test.TestRadioButtonDropDown"/>
  <testcase name="registerUser" time="5.702" classname="com.qa.test.TestRegistrationPage"/>
</testsuite> <!-- Command line test -->
